<?xml version="1.0" encoding="UTF-8"?>
<testng-results skipped="0" failed="0" total="1" passed="1">
  <reporter-output>
  </reporter-output>
  <suite name="Default suite" duration-ms="60" started-at="2020-09-12T14:20:08Z" finished-at="2020-09-12T14:20:08Z">
    <groups>
    </groups>
    <test name="Default test" duration-ms="60" started-at="2020-09-12T14:20:08Z" finished-at="2020-09-12T14:20:08Z">
      <class name="com.appium.mobileAutomationFramework.AppTest">
        <test-method status="PASS" signature="teter_random()[pri:0, instance:com.appium.mobileAutomationFramework.AppTest@7d417077]" name="teter_random" duration-ms="26" started-at="2020-09-12T19:50:08Z" finished-at="2020-09-12T19:50:08Z">
          <reporter-output>
          </reporter-output>
        </test-method> <!-- teter_random -->
      </class> <!-- com.appium.mobileAutomationFramework.AppTest -->
    </test> <!-- Default test -->
  </suite> <!-- Default suite -->
</testng-results>
