<?xml version="1.0" encoding="UTF-8"?>
<testng-results skipped="0" failed="0" total="1" passed="1">
  <reporter-output>
  </reporter-output>
  <suite name="Default suite" duration-ms="10568" started-at="2020-09-11T13:01:16Z" finished-at="2020-09-11T13:01:26Z">
    <groups>
    </groups>
    <test name="Default test" duration-ms="10568" started-at="2020-09-11T13:01:16Z" finished-at="2020-09-11T13:01:26Z">
      <class name="com.appium.mobileAutomationFramework.SS2_androidNative_demoApp">
        <test-method status="PASS" signature="androidNative_demoApp_positiveAction()[pri:0, instance:com.appium.mobileAutomationFramework.SS2_androidNative_demoApp@6b71769e]" name="androidNative_demoApp_positiveAction" duration-ms="10534" started-at="2020-09-11T18:31:16Z" finished-at="2020-09-11T18:31:26Z">
          <reporter-output>
          </reporter-output>
        </test-method> <!-- androidNative_demoApp_positiveAction -->
      </class> <!-- com.appium.mobileAutomationFramework.SS2_androidNative_demoApp -->
    </test> <!-- Default test -->
  </suite> <!-- Default suite -->
</testng-results>
